Analysis & Synthesis report for ArithmeticLogitUnit
Sun Dec 10 23:52:24 2023
Quartus Prime Version 20.1.0 Build 711 06/05/2020 SJ Lite Edition


---------------------
; Table of Contents ;
---------------------
  1. Legal Notice
  2. Analysis & Synthesis Summary
  3. Analysis & Synthesis Settings
  4. Parallel Compilation
  5. Analysis & Synthesis Source Files Read
  6. Analysis & Synthesis Resource Usage Summary
  7. Analysis & Synthesis Resource Utilization by Entity
  8. State Machine - |alu_32_bit|mod:mod0|mod_cu:control_unit|curr_state
  9. User-Specified and Inferred Latches
 10. Registers Removed During Synthesis
 11. General Register Statistics
 12. Port Connectivity Checks: "cla_16_bit_msb:cla1"
 13. Post-Synthesis Netlist Statistics for Top Partition
 14. Elapsed Time Per Partition
 15. Analysis & Synthesis Messages



----------------
; Legal Notice ;
----------------
Copyright (C) 2020  Intel Corporation. All rights reserved.
Your use of Intel Corporation's design tools, logic functions 
and other software and tools, and any partner logic 
functions, and any output files from any of the foregoing 
(including device programming or simulation files), and any 
associated documentation or information are expressly subject 
to the terms and conditions of the Intel Program License 
Subscription Agreement, the Intel Quartus Prime License Agreement,
the Intel FPGA IP License Agreement, or other applicable license
agreement, including, without limitation, that your use is for
the sole purpose of programming logic devices manufactured by
Intel and sold by Intel or its authorized distributors.  Please
refer to the applicable agreement for further details, at
https://fpgasoftware.intel.com/eula.



+-------------------------------------------------------------------------------+
; Analysis & Synthesis Summary                                                  ;
+---------------------------------+---------------------------------------------+
; Analysis & Synthesis Status     ; Successful - Sun Dec 10 23:52:24 2023       ;
; Quartus Prime Version           ; 20.1.0 Build 711 06/05/2020 SJ Lite Edition ;
; Revision Name                   ; ArithmeticLogitUnit                         ;
; Top-level Entity Name           ; alu_32_bit                                  ;
; Family                          ; Cyclone V                                   ;
; Logic utilization (in ALMs)     ; N/A                                         ;
; Total registers                 ; 68                                          ;
; Total pins                      ; 101                                         ;
; Total virtual pins              ; 0                                           ;
; Total block memory bits         ; 0                                           ;
; Total DSP Blocks                ; 0                                           ;
; Total HSSI RX PCSs              ; 0                                           ;
; Total HSSI PMA RX Deserializers ; 0                                           ;
; Total HSSI TX PCSs              ; 0                                           ;
; Total HSSI PMA TX Serializers   ; 0                                           ;
; Total PLLs                      ; 0                                           ;
; Total DLLs                      ; 0                                           ;
+---------------------------------+---------------------------------------------+


+----------------------------------------------------------------------------------------------------------------------------+
; Analysis & Synthesis Settings                                                                                              ;
+---------------------------------------------------------------------------------+--------------------+---------------------+
; Option                                                                          ; Setting            ; Default Value       ;
+---------------------------------------------------------------------------------+--------------------+---------------------+
; Device                                                                          ; 5CGXFC7C7F23C8     ;                     ;
; Top-level entity name                                                           ; alu_32_bit         ; ArithmeticLogitUnit ;
; Family name                                                                     ; Cyclone V          ; Cyclone V           ;
; Use smart compilation                                                           ; Off                ; Off                 ;
; Enable parallel Assembler and Timing Analyzer during compilation                ; On                 ; On                  ;
; Enable compact report table                                                     ; Off                ; Off                 ;
; Restructure Multiplexers                                                        ; Auto               ; Auto                ;
; MLAB Add Timing Constraints For Mixed-Port Feed-Through Mode Setting Don't Care ; Off                ; Off                 ;
; Create Debugging Nodes for IP Cores                                             ; Off                ; Off                 ;
; Preserve fewer node names                                                       ; On                 ; On                  ;
; Intel FPGA IP Evaluation Mode                                                   ; Enable             ; Enable              ;
; Verilog Version                                                                 ; Verilog_2001       ; Verilog_2001        ;
; VHDL Version                                                                    ; VHDL_1993          ; VHDL_1993           ;
; State Machine Processing                                                        ; Auto               ; Auto                ;
; Safe State Machine                                                              ; Off                ; Off                 ;
; Extract Verilog State Machines                                                  ; On                 ; On                  ;
; Extract VHDL State Machines                                                     ; On                 ; On                  ;
; Ignore Verilog initial constructs                                               ; Off                ; Off                 ;
; Iteration limit for constant Verilog loops                                      ; 5000               ; 5000                ;
; Iteration limit for non-constant Verilog loops                                  ; 250                ; 250                 ;
; Add Pass-Through Logic to Inferred RAMs                                         ; On                 ; On                  ;
; Infer RAMs from Raw Logic                                                       ; On                 ; On                  ;
; Parallel Synthesis                                                              ; On                 ; On                  ;
; DSP Block Balancing                                                             ; Auto               ; Auto                ;
; NOT Gate Push-Back                                                              ; On                 ; On                  ;
; Power-Up Don't Care                                                             ; On                 ; On                  ;
; Remove Redundant Logic Cells                                                    ; Off                ; Off                 ;
; Remove Duplicate Registers                                                      ; On                 ; On                  ;
; Ignore CARRY Buffers                                                            ; Off                ; Off                 ;
; Ignore CASCADE Buffers                                                          ; Off                ; Off                 ;
; Ignore GLOBAL Buffers                                                           ; Off                ; Off                 ;
; Ignore ROW GLOBAL Buffers                                                       ; Off                ; Off                 ;
; Ignore LCELL Buffers                                                            ; Off                ; Off                 ;
; Ignore SOFT Buffers                                                             ; On                 ; On                  ;
; Limit AHDL Integers to 32 Bits                                                  ; Off                ; Off                 ;
; Optimization Technique                                                          ; Balanced           ; Balanced            ;
; Carry Chain Length                                                              ; 70                 ; 70                  ;
; Auto Carry Chains                                                               ; On                 ; On                  ;
; Auto Open-Drain Pins                                                            ; On                 ; On                  ;
; Perform WYSIWYG Primitive Resynthesis                                           ; Off                ; Off                 ;
; Auto ROM Replacement                                                            ; On                 ; On                  ;
; Auto RAM Replacement                                                            ; On                 ; On                  ;
; Auto DSP Block Replacement                                                      ; On                 ; On                  ;
; Auto Shift Register Replacement                                                 ; Auto               ; Auto                ;
; Allow Shift Register Merging across Hierarchies                                 ; Auto               ; Auto                ;
; Auto Clock Enable Replacement                                                   ; On                 ; On                  ;
; Strict RAM Replacement                                                          ; Off                ; Off                 ;
; Allow Synchronous Control Signals                                               ; On                 ; On                  ;
; Force Use of Synchronous Clear Signals                                          ; Off                ; Off                 ;
; Auto Resource Sharing                                                           ; Off                ; Off                 ;
; Allow Any RAM Size For Recognition                                              ; Off                ; Off                 ;
; Allow Any ROM Size For Recognition                                              ; Off                ; Off                 ;
; Allow Any Shift Register Size For Recognition                                   ; Off                ; Off                 ;
; Use LogicLock Constraints during Resource Balancing                             ; On                 ; On                  ;
; Ignore translate_off and synthesis_off directives                               ; Off                ; Off                 ;
; Timing-Driven Synthesis                                                         ; On                 ; On                  ;
; Report Parameter Settings                                                       ; On                 ; On                  ;
; Report Source Assignments                                                       ; On                 ; On                  ;
; Report Connectivity Checks                                                      ; On                 ; On                  ;
; Ignore Maximum Fan-Out Assignments                                              ; Off                ; Off                 ;
; Synchronization Register Chain Length                                           ; 3                  ; 3                   ;
; Power Optimization During Synthesis                                             ; Normal compilation ; Normal compilation  ;
; HDL message level                                                               ; Level2             ; Level2              ;
; Suppress Register Optimization Related Messages                                 ; Off                ; Off                 ;
; Number of Removed Registers Reported in Synthesis Report                        ; 5000               ; 5000                ;
; Number of Swept Nodes Reported in Synthesis Report                              ; 5000               ; 5000                ;
; Number of Inverted Registers Reported in Synthesis Report                       ; 100                ; 100                 ;
; Clock MUX Protection                                                            ; On                 ; On                  ;
; Auto Gated Clock Conversion                                                     ; Off                ; Off                 ;
; Block Design Naming                                                             ; Auto               ; Auto                ;
; SDC constraint protection                                                       ; Off                ; Off                 ;
; Synthesis Effort                                                                ; Auto               ; Auto                ;
; Shift Register Replacement - Allow Asynchronous Clear Signal                    ; On                 ; On                  ;
; Pre-Mapping Resynthesis Optimization                                            ; Off                ; Off                 ;
; Analysis & Synthesis Message Level                                              ; Medium             ; Medium              ;
; Disable Register Merging Across Hierarchies                                     ; Auto               ; Auto                ;
; Resource Aware Inference For Block RAM                                          ; On                 ; On                  ;
; Automatic Parallel Synthesis                                                    ; On                 ; On                  ;
; Partial Reconfiguration Bitstream ID                                            ; Off                ; Off                 ;
+---------------------------------------------------------------------------------+--------------------+---------------------+


+------------------------------------------+
; Parallel Compilation                     ;
+----------------------------+-------------+
; Processors                 ; Number      ;
+----------------------------+-------------+
; Number detected on machine ; 16          ;
; Maximum allowed            ; 16          ;
;                            ;             ;
; Average used               ; 1.00        ;
; Maximum used               ; 16          ;
;                            ;             ;
; Usage by Processor         ; % Time Used ;
;     Processor 1            ; 100.0%      ;
;     Processors 2-16        ;   0.0%      ;
+----------------------------+-------------+


+-------------------------------------------------------------------------------------------------------------------------------------------------------------------------------------------------------------------------------+
; Analysis & Synthesis Source Files Read                                                                                                                                                                                        ;
+------------------------------------------------+-----------------+------------------------+-------------------------------------------------------------------------------------------------------------------------+---------+
; File Name with User-Entered Path               ; Used in Netlist ; File Type              ; File Name with Absolute Path                                                                                            ; Library ;
+------------------------------------------------+-----------------+------------------------+-------------------------------------------------------------------------------------------------------------------------+---------+
; custom_gates/custom_or.v                       ; yes             ; User Verilog HDL File  ; C:/Users/btsts/Desktop/GitHUB/Theoretical/Computer Organization/Project2/custom_gates/custom_or.v                       ;         ;
; custom_gates/custom_xor.v                      ; yes             ; User Verilog HDL File  ; C:/Users/btsts/Desktop/GitHUB/Theoretical/Computer Organization/Project2/custom_gates/custom_xor.v                      ;         ;
; arithmetic_logic_units/alu_1_bit.v             ; yes             ; User Verilog HDL File  ; C:/Users/btsts/Desktop/GitHUB/Theoretical/Computer Organization/Project2/arithmetic_logic_units/alu_1_bit.v             ;         ;
; multiplexers/mux_2x1_is_subtract.v             ; yes             ; User Verilog HDL File  ; C:/Users/btsts/Desktop/GitHUB/Theoretical/Computer Organization/Project2/multiplexers/mux_2x1_is_subtract.v             ;         ;
; carry_lookahead/cll_4_input.v                  ; yes             ; User Verilog HDL File  ; C:/Users/btsts/Desktop/GitHUB/Theoretical/Computer Organization/Project2/carry_lookahead/cll_4_input.v                  ;         ;
; carry_lookahead/cla_4_bit.v                    ; yes             ; User Verilog HDL File  ; C:/Users/btsts/Desktop/GitHUB/Theoretical/Computer Organization/Project2/carry_lookahead/cla_4_bit.v                    ;         ;
; multiplexers/mux_5x1_alu_1_bit.v               ; yes             ; User Verilog HDL File  ; C:/Users/btsts/Desktop/GitHUB/Theoretical/Computer Organization/Project2/multiplexers/mux_5x1_alu_1_bit.v               ;         ;
; carry_lookahead/cla_16_bit.v                   ; yes             ; User Verilog HDL File  ; C:/Users/btsts/Desktop/GitHUB/Theoretical/Computer Organization/Project2/carry_lookahead/cla_16_bit.v                   ;         ;
; multiplexers/mux_2x1_b_xor_is_subtract_4_bit.v ; yes             ; User Verilog HDL File  ; C:/Users/btsts/Desktop/GitHUB/Theoretical/Computer Organization/Project2/multiplexers/mux_2x1_b_xor_is_subtract_4_bit.v ;         ;
; carry_lookahead/cla_4_bit_msb.v                ; yes             ; User Verilog HDL File  ; C:/Users/btsts/Desktop/GitHUB/Theoretical/Computer Organization/Project2/carry_lookahead/cla_4_bit_msb.v                ;         ;
; carry_lookahead/cla_16_bit_msb.v               ; yes             ; User Verilog HDL File  ; C:/Users/btsts/Desktop/GitHUB/Theoretical/Computer Organization/Project2/carry_lookahead/cla_16_bit_msb.v               ;         ;
; arithmetic_logic_units/alu_32_bit.v            ; yes             ; User Verilog HDL File  ; C:/Users/btsts/Desktop/GitHUB/Theoretical/Computer Organization/Project2/arithmetic_logic_units/alu_32_bit.v            ;         ;
; mod/mod_cu.v                                   ; yes             ; User Verilog HDL File  ; C:/Users/btsts/Desktop/GitHUB/Theoretical/Computer Organization/Project2/mod/mod_cu.v                                   ;         ;
; mod/mod_dp.v                                   ; yes             ; User Verilog HDL File  ; C:/Users/btsts/Desktop/GitHUB/Theoretical/Computer Organization/Project2/mod/mod_dp.v                                   ;         ;
; mod/mod.v                                      ; yes             ; User Verilog HDL File  ; C:/Users/btsts/Desktop/GitHUB/Theoretical/Computer Organization/Project2/mod/mod.v                                      ;         ;
; multiplexers/mux_3x1_results.v                 ; yes             ; User Verilog HDL File  ; C:/Users/btsts/Desktop/GitHUB/Theoretical/Computer Organization/Project2/multiplexers/mux_3x1_results.v                 ;         ;
+------------------------------------------------+-----------------+------------------------+-------------------------------------------------------------------------------------------------------------------------+---------+


+---------------------------------------------------------+
; Analysis & Synthesis Resource Usage Summary             ;
+---------------------------------------------+-----------+
; Resource                                    ; Usage     ;
+---------------------------------------------+-----------+
; Estimate of Logic utilization (ALMs needed) ; 169       ;
;                                             ;           ;
; Combinational ALUT usage for logic          ; 254       ;
;     -- 7 input functions                    ; 26        ;
;     -- 6 input functions                    ; 54        ;
;     -- 5 input functions                    ; 64        ;
;     -- 4 input functions                    ; 25        ;
;     -- <=3 input functions                  ; 85        ;
;                                             ;           ;
; Dedicated logic registers                   ; 68        ;
;                                             ;           ;
; I/O pins                                    ; 101       ;
;                                             ;           ;
; Total DSP Blocks                            ; 0         ;
;                                             ;           ;
; Maximum fan-out node                        ; CLK~input ;
; Maximum fan-out                             ; 68        ;
; Total fan-out                               ; 1551      ;
; Average fan-out                             ; 2.96      ;
+---------------------------------------------+-----------+


+-----------------------------------------------------------------------------------------------------------------------------------------------------------------------------------------------------------------------------------------------------------------------------------------------------------------------------------+
; Analysis & Synthesis Resource Utilization by Entity                                                                                                                                                                                                                                                                               ;
+--------------------------------------------------------+---------------------+---------------------------+-------------------+------------+------+--------------+----------------------------------------------------------------------------------------------------------------+---------------------------------+--------------+
; Compilation Hierarchy Node                             ; Combinational ALUTs ; Dedicated Logic Registers ; Block Memory Bits ; DSP Blocks ; Pins ; Virtual Pins ; Full Hierarchy Name                                                                                            ; Entity Name                     ; Library Name ;
+--------------------------------------------------------+---------------------+---------------------------+-------------------+------------+------+--------------+----------------------------------------------------------------------------------------------------------------+---------------------------------+--------------+
; |alu_32_bit                                            ; 254 (0)             ; 68 (0)                    ; 0                 ; 0          ; 101  ; 0            ; |alu_32_bit                                                                                                    ; alu_32_bit                      ; work         ;
;    |cla_16_bit:cla0|                                   ; 60 (8)              ; 0 (0)                     ; 0                 ; 0          ; 0    ; 0            ; |alu_32_bit|cla_16_bit:cla0                                                                                    ; cla_16_bit                      ; work         ;
;       |cla_4_bit:cla0|                                 ; 10 (0)              ; 0 (0)                     ; 0                 ; 0          ; 0    ; 0            ; |alu_32_bit|cla_16_bit:cla0|cla_4_bit:cla0                                                                     ; cla_4_bit                       ; work         ;
;          |alu_1_bit:alu1|                              ; 2 (1)               ; 0 (0)                     ; 0                 ; 0          ; 0    ; 0            ; |alu_32_bit|cla_16_bit:cla0|cla_4_bit:cla0|alu_1_bit:alu1                                                      ; alu_1_bit                       ; work         ;
;             |custom_or:c_or0|                          ; 1 (1)               ; 0 (0)                     ; 0                 ; 0          ; 0    ; 0            ; |alu_32_bit|cla_16_bit:cla0|cla_4_bit:cla0|alu_1_bit:alu1|custom_or:c_or0                                      ; custom_or                       ; work         ;
;          |alu_1_bit:alu2|                              ; 1 (0)               ; 0 (0)                     ; 0                 ; 0          ; 0    ; 0            ; |alu_32_bit|cla_16_bit:cla0|cla_4_bit:cla0|alu_1_bit:alu2                                                      ; alu_1_bit                       ; work         ;
;             |custom_or:c_or0|                          ; 1 (1)               ; 0 (0)                     ; 0                 ; 0          ; 0    ; 0            ; |alu_32_bit|cla_16_bit:cla0|cla_4_bit:cla0|alu_1_bit:alu2|custom_or:c_or0                                      ; custom_or                       ; work         ;
;          |alu_1_bit:alu3|                              ; 2 (1)               ; 0 (0)                     ; 0                 ; 0          ; 0    ; 0            ; |alu_32_bit|cla_16_bit:cla0|cla_4_bit:cla0|alu_1_bit:alu3                                                      ; alu_1_bit                       ; work         ;
;             |custom_or:c_or0|                          ; 1 (1)               ; 0 (0)                     ; 0                 ; 0          ; 0    ; 0            ; |alu_32_bit|cla_16_bit:cla0|cla_4_bit:cla0|alu_1_bit:alu3|custom_or:c_or0                                      ; custom_or                       ; work         ;
;          |cll_4_input:cll0|                            ; 3 (3)               ; 0 (0)                     ; 0                 ; 0          ; 0    ; 0            ; |alu_32_bit|cla_16_bit:cla0|cla_4_bit:cla0|cll_4_input:cll0                                                    ; cll_4_input                     ; work         ;
;          |mux_2x1_b_xor_is_subtract_4_bit:construct_b| ; 2 (0)               ; 0 (0)                     ; 0                 ; 0          ; 0    ; 0            ; |alu_32_bit|cla_16_bit:cla0|cla_4_bit:cla0|mux_2x1_b_xor_is_subtract_4_bit:construct_b                         ; mux_2x1_b_xor_is_subtract_4_bit ; work         ;
;             |custom_xor:xor2|                          ; 1 (1)               ; 0 (0)                     ; 0                 ; 0          ; 0    ; 0            ; |alu_32_bit|cla_16_bit:cla0|cla_4_bit:cla0|mux_2x1_b_xor_is_subtract_4_bit:construct_b|custom_xor:xor2         ; custom_xor                      ; work         ;
;             |custom_xor:xor3|                          ; 1 (1)               ; 0 (0)                     ; 0                 ; 0          ; 0    ; 0            ; |alu_32_bit|cla_16_bit:cla0|cla_4_bit:cla0|mux_2x1_b_xor_is_subtract_4_bit:construct_b|custom_xor:xor3         ; custom_xor                      ; work         ;
;       |cla_4_bit:cla1|                                 ; 12 (3)              ; 0 (0)                     ; 0                 ; 0          ; 0    ; 0            ; |alu_32_bit|cla_16_bit:cla0|cla_4_bit:cla1                                                                     ; cla_4_bit                       ; work         ;
;          |alu_1_bit:alu0|                              ; 1 (0)               ; 0 (0)                     ; 0                 ; 0          ; 0    ; 0            ; |alu_32_bit|cla_16_bit:cla0|cla_4_bit:cla1|alu_1_bit:alu0                                                      ; alu_1_bit                       ; work         ;
;             |custom_or:c_or0|                          ; 1 (1)               ; 0 (0)                     ; 0                 ; 0          ; 0    ; 0            ; |alu_32_bit|cla_16_bit:cla0|cla_4_bit:cla1|alu_1_bit:alu0|custom_or:c_or0                                      ; custom_or                       ; work         ;
;          |alu_1_bit:alu2|                              ; 1 (1)               ; 0 (0)                     ; 0                 ; 0          ; 0    ; 0            ; |alu_32_bit|cla_16_bit:cla0|cla_4_bit:cla1|alu_1_bit:alu2                                                      ; alu_1_bit                       ; work         ;
;          |alu_1_bit:alu3|                              ; 2 (2)               ; 0 (0)                     ; 0                 ; 0          ; 0    ; 0            ; |alu_32_bit|cla_16_bit:cla0|cla_4_bit:cla1|alu_1_bit:alu3                                                      ; alu_1_bit                       ; work         ;
;          |cll_4_input:cll0|                            ; 3 (3)               ; 0 (0)                     ; 0                 ; 0          ; 0    ; 0            ; |alu_32_bit|cla_16_bit:cla0|cla_4_bit:cla1|cll_4_input:cll0                                                    ; cll_4_input                     ; work         ;
;          |mux_2x1_b_xor_is_subtract_4_bit:construct_b| ; 2 (0)               ; 0 (0)                     ; 0                 ; 0          ; 0    ; 0            ; |alu_32_bit|cla_16_bit:cla0|cla_4_bit:cla1|mux_2x1_b_xor_is_subtract_4_bit:construct_b                         ; mux_2x1_b_xor_is_subtract_4_bit ; work         ;
;             |custom_xor:xor1|                          ; 1 (1)               ; 0 (0)                     ; 0                 ; 0          ; 0    ; 0            ; |alu_32_bit|cla_16_bit:cla0|cla_4_bit:cla1|mux_2x1_b_xor_is_subtract_4_bit:construct_b|custom_xor:xor1         ; custom_xor                      ; work         ;
;             |custom_xor:xor2|                          ; 1 (1)               ; 0 (0)                     ; 0                 ; 0          ; 0    ; 0            ; |alu_32_bit|cla_16_bit:cla0|cla_4_bit:cla1|mux_2x1_b_xor_is_subtract_4_bit:construct_b|custom_xor:xor2         ; custom_xor                      ; work         ;
;       |cla_4_bit:cla2|                                 ; 16 (1)              ; 0 (0)                     ; 0                 ; 0          ; 0    ; 0            ; |alu_32_bit|cla_16_bit:cla0|cla_4_bit:cla2                                                                     ; cla_4_bit                       ; work         ;
;          |alu_1_bit:alu1|                              ; 2 (1)               ; 0 (0)                     ; 0                 ; 0          ; 0    ; 0            ; |alu_32_bit|cla_16_bit:cla0|cla_4_bit:cla2|alu_1_bit:alu1                                                      ; alu_1_bit                       ; work         ;
;             |custom_or:c_or0|                          ; 1 (1)               ; 0 (0)                     ; 0                 ; 0          ; 0    ; 0            ; |alu_32_bit|cla_16_bit:cla0|cla_4_bit:cla2|alu_1_bit:alu1|custom_or:c_or0                                      ; custom_or                       ; work         ;
;          |alu_1_bit:alu2|                              ; 3 (2)               ; 0 (0)                     ; 0                 ; 0          ; 0    ; 0            ; |alu_32_bit|cla_16_bit:cla0|cla_4_bit:cla2|alu_1_bit:alu2                                                      ; alu_1_bit                       ; work         ;
;             |custom_or:c_or0|                          ; 1 (1)               ; 0 (0)                     ; 0                 ; 0          ; 0    ; 0            ; |alu_32_bit|cla_16_bit:cla0|cla_4_bit:cla2|alu_1_bit:alu2|custom_or:c_or0                                      ; custom_or                       ; work         ;
;          |alu_1_bit:alu3|                              ; 3 (2)               ; 0 (0)                     ; 0                 ; 0          ; 0    ; 0            ; |alu_32_bit|cla_16_bit:cla0|cla_4_bit:cla2|alu_1_bit:alu3                                                      ; alu_1_bit                       ; work         ;
;             |custom_or:c_or0|                          ; 1 (1)               ; 0 (0)                     ; 0                 ; 0          ; 0    ; 0            ; |alu_32_bit|cla_16_bit:cla0|cla_4_bit:cla2|alu_1_bit:alu3|custom_or:c_or0                                      ; custom_or                       ; work         ;
;          |cll_4_input:cll0|                            ; 5 (5)               ; 0 (0)                     ; 0                 ; 0          ; 0    ; 0            ; |alu_32_bit|cla_16_bit:cla0|cla_4_bit:cla2|cll_4_input:cll0                                                    ; cll_4_input                     ; work         ;
;          |mux_2x1_b_xor_is_subtract_4_bit:construct_b| ; 2 (0)               ; 0 (0)                     ; 0                 ; 0          ; 0    ; 0            ; |alu_32_bit|cla_16_bit:cla0|cla_4_bit:cla2|mux_2x1_b_xor_is_subtract_4_bit:construct_b                         ; mux_2x1_b_xor_is_subtract_4_bit ; work         ;
;             |custom_xor:xor0|                          ; 1 (1)               ; 0 (0)                     ; 0                 ; 0          ; 0    ; 0            ; |alu_32_bit|cla_16_bit:cla0|cla_4_bit:cla2|mux_2x1_b_xor_is_subtract_4_bit:construct_b|custom_xor:xor0         ; custom_xor                      ; work         ;
;             |custom_xor:xor1|                          ; 1 (1)               ; 0 (0)                     ; 0                 ; 0          ; 0    ; 0            ; |alu_32_bit|cla_16_bit:cla0|cla_4_bit:cla2|mux_2x1_b_xor_is_subtract_4_bit:construct_b|custom_xor:xor1         ; custom_xor                      ; work         ;
;       |cla_4_bit:cla3|                                 ; 11 (1)              ; 0 (0)                     ; 0                 ; 0          ; 0    ; 0            ; |alu_32_bit|cla_16_bit:cla0|cla_4_bit:cla3                                                                     ; cla_4_bit                       ; work         ;
;          |alu_1_bit:alu0|                              ; 1 (1)               ; 0 (0)                     ; 0                 ; 0          ; 0    ; 0            ; |alu_32_bit|cla_16_bit:cla0|cla_4_bit:cla3|alu_1_bit:alu0                                                      ; alu_1_bit                       ; work         ;
;          |alu_1_bit:alu1|                              ; 2 (2)               ; 0 (0)                     ; 0                 ; 0          ; 0    ; 0            ; |alu_32_bit|cla_16_bit:cla0|cla_4_bit:cla3|alu_1_bit:alu1                                                      ; alu_1_bit                       ; work         ;
;          |alu_1_bit:alu2|                              ; 1 (1)               ; 0 (0)                     ; 0                 ; 0          ; 0    ; 0            ; |alu_32_bit|cla_16_bit:cla0|cla_4_bit:cla3|alu_1_bit:alu2                                                      ; alu_1_bit                       ; work         ;
;          |alu_1_bit:alu3|                              ; 1 (1)               ; 0 (0)                     ; 0                 ; 0          ; 0    ; 0            ; |alu_32_bit|cla_16_bit:cla0|cla_4_bit:cla3|alu_1_bit:alu3                                                      ; alu_1_bit                       ; work         ;
;          |cll_4_input:cll0|                            ; 4 (4)               ; 0 (0)                     ; 0                 ; 0          ; 0    ; 0            ; |alu_32_bit|cla_16_bit:cla0|cla_4_bit:cla3|cll_4_input:cll0                                                    ; cll_4_input                     ; work         ;
;          |mux_2x1_b_xor_is_subtract_4_bit:construct_b| ; 1 (0)               ; 0 (0)                     ; 0                 ; 0          ; 0    ; 0            ; |alu_32_bit|cla_16_bit:cla0|cla_4_bit:cla3|mux_2x1_b_xor_is_subtract_4_bit:construct_b                         ; mux_2x1_b_xor_is_subtract_4_bit ; work         ;
;             |custom_xor:xor0|                          ; 1 (1)               ; 0 (0)                     ; 0                 ; 0          ; 0    ; 0            ; |alu_32_bit|cla_16_bit:cla0|cla_4_bit:cla3|mux_2x1_b_xor_is_subtract_4_bit:construct_b|custom_xor:xor0         ; custom_xor                      ; work         ;
;       |cll_4_input:cll0|                               ; 3 (3)               ; 0 (0)                     ; 0                 ; 0          ; 0    ; 0            ; |alu_32_bit|cla_16_bit:cla0|cll_4_input:cll0                                                                   ; cll_4_input                     ; work         ;
;    |cla_16_bit_msb:cla1|                               ; 66 (3)              ; 0 (0)                     ; 0                 ; 0          ; 0    ; 0            ; |alu_32_bit|cla_16_bit_msb:cla1                                                                                ; cla_16_bit_msb                  ; work         ;
;       |cla_4_bit:cla0|                                 ; 14 (2)              ; 0 (0)                     ; 0                 ; 0          ; 0    ; 0            ; |alu_32_bit|cla_16_bit_msb:cla1|cla_4_bit:cla0                                                                 ; cla_4_bit                       ; work         ;
;          |alu_1_bit:alu0|                              ; 2 (1)               ; 0 (0)                     ; 0                 ; 0          ; 0    ; 0            ; |alu_32_bit|cla_16_bit_msb:cla1|cla_4_bit:cla0|alu_1_bit:alu0                                                  ; alu_1_bit                       ; work         ;
;             |custom_or:c_or0|                          ; 1 (1)               ; 0 (0)                     ; 0                 ; 0          ; 0    ; 0            ; |alu_32_bit|cla_16_bit_msb:cla1|cla_4_bit:cla0|alu_1_bit:alu0|custom_or:c_or0                                  ; custom_or                       ; work         ;
;          |alu_1_bit:alu2|                              ; 1 (1)               ; 0 (0)                     ; 0                 ; 0          ; 0    ; 0            ; |alu_32_bit|cla_16_bit_msb:cla1|cla_4_bit:cla0|alu_1_bit:alu2                                                  ; alu_1_bit                       ; work         ;
;          |alu_1_bit:alu3|                              ; 1 (0)               ; 0 (0)                     ; 0                 ; 0          ; 0    ; 0            ; |alu_32_bit|cla_16_bit_msb:cla1|cla_4_bit:cla0|alu_1_bit:alu3                                                  ; alu_1_bit                       ; work         ;
;             |custom_or:c_or0|                          ; 1 (1)               ; 0 (0)                     ; 0                 ; 0          ; 0    ; 0            ; |alu_32_bit|cla_16_bit_msb:cla1|cla_4_bit:cla0|alu_1_bit:alu3|custom_or:c_or0                                  ; custom_or                       ; work         ;
;          |cll_4_input:cll0|                            ; 8 (8)               ; 0 (0)                     ; 0                 ; 0          ; 0    ; 0            ; |alu_32_bit|cla_16_bit_msb:cla1|cla_4_bit:cla0|cll_4_input:cll0                                                ; cll_4_input                     ; work         ;
;       |cla_4_bit:cla1|                                 ; 17 (3)              ; 0 (0)                     ; 0                 ; 0          ; 0    ; 0            ; |alu_32_bit|cla_16_bit_msb:cla1|cla_4_bit:cla1                                                                 ; cla_4_bit                       ; work         ;
;          |alu_1_bit:alu1|                              ; 2 (2)               ; 0 (0)                     ; 0                 ; 0          ; 0    ; 0            ; |alu_32_bit|cla_16_bit_msb:cla1|cla_4_bit:cla1|alu_1_bit:alu1                                                  ; alu_1_bit                       ; work         ;
;          |alu_1_bit:alu2|                              ; 1 (1)               ; 0 (0)                     ; 0                 ; 0          ; 0    ; 0            ; |alu_32_bit|cla_16_bit_msb:cla1|cla_4_bit:cla1|alu_1_bit:alu2                                                  ; alu_1_bit                       ; work         ;
;          |alu_1_bit:alu3|                              ; 1 (1)               ; 0 (0)                     ; 0                 ; 0          ; 0    ; 0            ; |alu_32_bit|cla_16_bit_msb:cla1|cla_4_bit:cla1|alu_1_bit:alu3                                                  ; alu_1_bit                       ; work         ;
;          |cll_4_input:cll0|                            ; 9 (9)               ; 0 (0)                     ; 0                 ; 0          ; 0    ; 0            ; |alu_32_bit|cla_16_bit_msb:cla1|cla_4_bit:cla1|cll_4_input:cll0                                                ; cll_4_input                     ; work         ;
;          |mux_2x1_b_xor_is_subtract_4_bit:construct_b| ; 1 (0)               ; 0 (0)                     ; 0                 ; 0          ; 0    ; 0            ; |alu_32_bit|cla_16_bit_msb:cla1|cla_4_bit:cla1|mux_2x1_b_xor_is_subtract_4_bit:construct_b                     ; mux_2x1_b_xor_is_subtract_4_bit ; work         ;
;             |custom_xor:xor0|                          ; 1 (1)               ; 0 (0)                     ; 0                 ; 0          ; 0    ; 0            ; |alu_32_bit|cla_16_bit_msb:cla1|cla_4_bit:cla1|mux_2x1_b_xor_is_subtract_4_bit:construct_b|custom_xor:xor0     ; custom_xor                      ; work         ;
;       |cla_4_bit:cla2|                                 ; 16 (3)              ; 0 (0)                     ; 0                 ; 0          ; 0    ; 0            ; |alu_32_bit|cla_16_bit_msb:cla1|cla_4_bit:cla2                                                                 ; cla_4_bit                       ; work         ;
;          |alu_1_bit:alu0|                              ; 1 (1)               ; 0 (0)                     ; 0                 ; 0          ; 0    ; 0            ; |alu_32_bit|cla_16_bit_msb:cla1|cla_4_bit:cla2|alu_1_bit:alu0                                                  ; alu_1_bit                       ; work         ;
;          |alu_1_bit:alu1|                              ; 1 (1)               ; 0 (0)                     ; 0                 ; 0          ; 0    ; 0            ; |alu_32_bit|cla_16_bit_msb:cla1|cla_4_bit:cla2|alu_1_bit:alu1                                                  ; alu_1_bit                       ; work         ;
;          |alu_1_bit:alu2|                              ; 1 (1)               ; 0 (0)                     ; 0                 ; 0          ; 0    ; 0            ; |alu_32_bit|cla_16_bit_msb:cla1|cla_4_bit:cla2|alu_1_bit:alu2                                                  ; alu_1_bit                       ; work         ;
;          |alu_1_bit:alu3|                              ; 2 (2)               ; 0 (0)                     ; 0                 ; 0          ; 0    ; 0            ; |alu_32_bit|cla_16_bit_msb:cla1|cla_4_bit:cla2|alu_1_bit:alu3                                                  ; alu_1_bit                       ; work         ;
;          |cll_4_input:cll0|                            ; 8 (8)               ; 0 (0)                     ; 0                 ; 0          ; 0    ; 0            ; |alu_32_bit|cla_16_bit_msb:cla1|cla_4_bit:cla2|cll_4_input:cll0                                                ; cll_4_input                     ; work         ;
;       |cla_4_bit_msb:cla3|                             ; 12 (1)              ; 0 (0)                     ; 0                 ; 0          ; 0    ; 0            ; |alu_32_bit|cla_16_bit_msb:cla1|cla_4_bit_msb:cla3                                                             ; cla_4_bit_msb                   ; work         ;
;          |alu_1_bit:alu0|                              ; 1 (1)               ; 0 (0)                     ; 0                 ; 0          ; 0    ; 0            ; |alu_32_bit|cla_16_bit_msb:cla1|cla_4_bit_msb:cla3|alu_1_bit:alu0                                              ; alu_1_bit                       ; work         ;
;          |alu_1_bit:alu1|                              ; 1 (1)               ; 0 (0)                     ; 0                 ; 0          ; 0    ; 0            ; |alu_32_bit|cla_16_bit_msb:cla1|cla_4_bit_msb:cla3|alu_1_bit:alu1                                              ; alu_1_bit                       ; work         ;
;          |alu_1_bit:alu2|                              ; 2 (2)               ; 0 (0)                     ; 0                 ; 0          ; 0    ; 0            ; |alu_32_bit|cla_16_bit_msb:cla1|cla_4_bit_msb:cla3|alu_1_bit:alu2                                              ; alu_1_bit                       ; work         ;
;          |alu_1_bit:alu3|                              ; 1 (0)               ; 0 (0)                     ; 0                 ; 0          ; 0    ; 0            ; |alu_32_bit|cla_16_bit_msb:cla1|cla_4_bit_msb:cla3|alu_1_bit:alu3                                              ; alu_1_bit                       ; work         ;
;             |mux_5x1_alu_1_bit:mux_5x1_alu_1_bit0|     ; 1 (1)               ; 0 (0)                     ; 0                 ; 0          ; 0    ; 0            ; |alu_32_bit|cla_16_bit_msb:cla1|cla_4_bit_msb:cla3|alu_1_bit:alu3|mux_5x1_alu_1_bit:mux_5x1_alu_1_bit0         ; mux_5x1_alu_1_bit               ; work         ;
;          |cll_4_input:cll0|                            ; 4 (4)               ; 0 (0)                     ; 0                 ; 0          ; 0    ; 0            ; |alu_32_bit|cla_16_bit_msb:cla1|cla_4_bit_msb:cla3|cll_4_input:cll0                                            ; cll_4_input                     ; work         ;
;          |mux_2x1_b_xor_is_subtract_4_bit:construct_b| ; 2 (0)               ; 0 (0)                     ; 0                 ; 0          ; 0    ; 0            ; |alu_32_bit|cla_16_bit_msb:cla1|cla_4_bit_msb:cla3|mux_2x1_b_xor_is_subtract_4_bit:construct_b                 ; mux_2x1_b_xor_is_subtract_4_bit ; work         ;
;             |custom_xor:xor0|                          ; 1 (1)               ; 0 (0)                     ; 0                 ; 0          ; 0    ; 0            ; |alu_32_bit|cla_16_bit_msb:cla1|cla_4_bit_msb:cla3|mux_2x1_b_xor_is_subtract_4_bit:construct_b|custom_xor:xor0 ; custom_xor                      ; work         ;
;             |custom_xor:xor1|                          ; 1 (1)               ; 0 (0)                     ; 0                 ; 0          ; 0    ; 0            ; |alu_32_bit|cla_16_bit_msb:cla1|cla_4_bit_msb:cla3|mux_2x1_b_xor_is_subtract_4_bit:construct_b|custom_xor:xor1 ; custom_xor                      ; work         ;
;       |cll_4_input:cll0|                               ; 4 (4)               ; 0 (0)                     ; 0                 ; 0          ; 0    ; 0            ; |alu_32_bit|cla_16_bit_msb:cla1|cll_4_input:cll0                                                               ; cll_4_input                     ; work         ;
;    |mod:mod0|                                          ; 75 (0)              ; 68 (0)                    ; 0                 ; 0          ; 0    ; 0            ; |alu_32_bit|mod:mod0                                                                                           ; mod                             ; work         ;
;       |mod_cu:control_unit|                            ; 10 (10)             ; 4 (4)                     ; 0                 ; 0          ; 0    ; 0            ; |alu_32_bit|mod:mod0|mod_cu:control_unit                                                                       ; mod_cu                          ; work         ;
;       |mod_dp:data_path|                               ; 65 (65)             ; 64 (64)                   ; 0                 ; 0          ; 0    ; 0            ; |alu_32_bit|mod:mod0|mod_dp:data_path                                                                          ; mod_dp                          ; work         ;
;    |mux_2x1_is_subtract:mux0|                          ; 1 (1)               ; 0 (0)                     ; 0                 ; 0          ; 0    ; 0            ; |alu_32_bit|mux_2x1_is_subtract:mux0                                                                           ; mux_2x1_is_subtract             ; work         ;
;    |mux_3x1_results:mux1|                              ; 52 (52)             ; 0 (0)                     ; 0                 ; 0          ; 0    ; 0            ; |alu_32_bit|mux_3x1_results:mux1                                                                               ; mux_3x1_results                 ; work         ;
+--------------------------------------------------------+---------------------+---------------------------+-------------------+------------+------+--------------+----------------------------------------------------------------------------------------------------------------+---------------------------------+--------------+
Note: For table entries with two numbers listed, the numbers in parentheses indicate the number of resources of the given type used by the specific entity alone. The numbers listed outside of parentheses indicate the total resources of the given type used by the specific entity and all of its sub-entities in the hierarchy.


Encoding Type:  One-Hot
+----------------------------------------------------------------------------------------+
; State Machine - |alu_32_bit|mod:mod0|mod_cu:control_unit|curr_state                    ;
+------------------+----------------+----------------+----------------+------------------+
; Name             ; curr_state.END ; curr_state.RES ; curr_state.SUB ; curr_state.BEGIN ;
+------------------+----------------+----------------+----------------+------------------+
; curr_state.BEGIN ; 0              ; 0              ; 0              ; 0                ;
; curr_state.SUB   ; 0              ; 0              ; 1              ; 1                ;
; curr_state.RES   ; 0              ; 1              ; 0              ; 1                ;
; curr_state.END   ; 1              ; 0              ; 0              ; 1                ;
+------------------+----------------+----------------+----------------+------------------+


+---------------------------------------------------------------------------------------------------------------------------+
; User-Specified and Inferred Latches                                                                                       ;
+----------------------------------------------------+---------------------------------------------+------------------------+
; Latch Name                                         ; Latch Enable Signal                         ; Free of Timing Hazards ;
+----------------------------------------------------+---------------------------------------------+------------------------+
; mod:mod0|mod_cu:control_unit|next_state.RES_56     ; mod:mod0|mod_cu:control_unit|curr_state.END ; yes                    ;
; mod:mod0|mod_cu:control_unit|next_state.SUB_64     ; mod:mod0|mod_cu:control_unit|curr_state.END ; yes                    ;
; mod:mod0|mod_cu:control_unit|next_state.END_48     ; mod:mod0|mod_cu:control_unit|curr_state.END ; yes                    ;
; Number of user-specified and inferred latches = 3  ;                                             ;                        ;
+----------------------------------------------------+---------------------------------------------+------------------------+
Note: All latches listed above may not be present at the end of synthesis due to various synthesis optimizations.


+----------------------------------------------------------------+
; Registers Removed During Synthesis                             ;
+-------------------------------------------+--------------------+
; Register name                             ; Reason for Removal ;
+-------------------------------------------+--------------------+
; mod:mod0|mod_cu:control_unit|curr_state~2 ; Lost fanout        ;
; mod:mod0|mod_cu:control_unit|curr_state~3 ; Lost fanout        ;
; Total Number of Removed Registers = 2     ;                    ;
+-------------------------------------------+--------------------+


+------------------------------------------------------+
; General Register Statistics                          ;
+----------------------------------------------+-------+
; Statistic                                    ; Value ;
+----------------------------------------------+-------+
; Total registers                              ; 68    ;
; Number of registers using Synchronous Clear  ; 0     ;
; Number of registers using Synchronous Load   ; 32    ;
; Number of registers using Asynchronous Clear ; 0     ;
; Number of registers using Asynchronous Load  ; 0     ;
; Number of registers using Clock Enable       ; 64    ;
; Number of registers using Preset             ; 0     ;
+----------------------------------------------+-------+


+--------------------------------------------------------------------------------------------------------------------+
; Port Connectivity Checks: "cla_16_bit_msb:cla1"                                                                    ;
+----------+--------+----------+-------------------------------------------------------------------------------------+
; Port     ; Type   ; Severity ; Details                                                                             ;
+----------+--------+----------+-------------------------------------------------------------------------------------+
; overflow ; Output ; Info     ; Connected to dangling logic. Logic that only feeds a dangling port will be removed. ;
+----------+--------+----------+-------------------------------------------------------------------------------------+


+-----------------------------------------------------+
; Post-Synthesis Netlist Statistics for Top Partition ;
+-----------------------+-----------------------------+
; Type                  ; Count                       ;
+-----------------------+-----------------------------+
; arriav_ff             ; 68                          ;
;     ENA               ; 32                          ;
;     ENA SLD           ; 32                          ;
;     plain             ; 4                           ;
; arriav_lcell_comb     ; 254                         ;
;     extend            ; 26                          ;
;         7 data inputs ; 26                          ;
;     normal            ; 196                         ;
;         1 data inputs ; 1                           ;
;         2 data inputs ; 24                          ;
;         3 data inputs ; 28                          ;
;         4 data inputs ; 25                          ;
;         5 data inputs ; 64                          ;
;         6 data inputs ; 54                          ;
;     shared            ; 32                          ;
;         2 data inputs ; 32                          ;
; boundary_port         ; 101                         ;
;                       ;                             ;
; Max LUT depth         ; 7.00                        ;
; Average LUT depth     ; 4.67                        ;
+-----------------------+-----------------------------+


+-------------------------------+
; Elapsed Time Per Partition    ;
+----------------+--------------+
; Partition Name ; Elapsed Time ;
+----------------+--------------+
; Top            ; 00:00:01     ;
+----------------+--------------+


+-------------------------------+
; Analysis & Synthesis Messages ;
+-------------------------------+
Info: *******************************************************************
Info: Running Quartus Prime Analysis & Synthesis
    Info: Version 20.1.0 Build 711 06/05/2020 SJ Lite Edition
    Info: Processing started: Sun Dec 10 23:52:16 2023
Info: Command: quartus_map --read_settings_files=on --write_settings_files=off ArithmeticLogitUnit -c ArithmeticLogitUnit
Warning (18236): Number of processors has not been specified which may cause overloading on shared machines.  Set the global assignment NUM_PARALLEL_PROCESSORS in your QSF to an appropriate value for best performance.
Info (20030): Parallel compilation is enabled and will use 16 of the 16 processors detected
Info (12021): Found 1 design units, including 1 entities, in source file custom_gates/custom_or.v
    Info (12023): Found entity 1: custom_or File: C:/Users/btsts/Desktop/GitHUB/Theoretical/Computer Organization/Project2/custom_gates/custom_or.v Line: 1
Info (12021): Found 1 design units, including 1 entities, in source file custom_gates/custom_xor.v
    Info (12023): Found entity 1: custom_xor File: C:/Users/btsts/Desktop/GitHUB/Theoretical/Computer Organization/Project2/custom_gates/custom_xor.v Line: 1
Info (12021): Found 1 design units, including 1 entities, in source file arithmetic_logic_units/alu_1_bit.v
    Info (12023): Found entity 1: alu_1_bit File: C:/Users/btsts/Desktop/GitHUB/Theoretical/Computer Organization/Project2/arithmetic_logic_units/alu_1_bit.v Line: 1
Info (12021): Found 1 design units, including 1 entities, in source file multiplexers/mux_2x1_is_subtract.v
    Info (12023): Found entity 1: mux_2x1_is_subtract File: C:/Users/btsts/Desktop/GitHUB/Theoretical/Computer Organization/Project2/multiplexers/mux_2x1_is_subtract.v Line: 1
Info (12021): Found 1 design units, including 1 entities, in source file carry_lookahead/cll_4_input.v
    Info (12023): Found entity 1: cll_4_input File: C:/Users/btsts/Desktop/GitHUB/Theoretical/Computer Organization/Project2/carry_lookahead/cll_4_input.v Line: 1
Info (12021): Found 1 design units, including 1 entities, in source file carry_lookahead/cla_4_bit.v
    Info (12023): Found entity 1: cla_4_bit File: C:/Users/btsts/Desktop/GitHUB/Theoretical/Computer Organization/Project2/carry_lookahead/cla_4_bit.v Line: 1
Info (12021): Found 1 design units, including 1 entities, in source file multiplexers/mux_5x1_alu_1_bit.v
    Info (12023): Found entity 1: mux_5x1_alu_1_bit File: C:/Users/btsts/Desktop/GitHUB/Theoretical/Computer Organization/Project2/multiplexers/mux_5x1_alu_1_bit.v Line: 1
Info (12021): Found 1 design units, including 1 entities, in source file testbenches/testbench_alu.v
    Info (12023): Found entity 1: testbench_alu File: C:/Users/btsts/Desktop/GitHUB/Theoretical/Computer Organization/Project2/testbenches/testbench_alu.v Line: 1
Info (12021): Found 1 design units, including 1 entities, in source file carry_lookahead/cla_16_bit.v
    Info (12023): Found entity 1: cla_16_bit File: C:/Users/btsts/Desktop/GitHUB/Theoretical/Computer Organization/Project2/carry_lookahead/cla_16_bit.v Line: 1
Info (12021): Found 1 design units, including 1 entities, in source file testbenches/testbench_cla.v
    Info (12023): Found entity 1: testbench_cla File: C:/Users/btsts/Desktop/GitHUB/Theoretical/Computer Organization/Project2/testbenches/testbench_cla.v Line: 1
Info (12021): Found 1 design units, including 1 entities, in source file multiplexers/mux_2x1_b_xor_is_subtract_4_bit.v
    Info (12023): Found entity 1: mux_2x1_b_xor_is_subtract_4_bit File: C:/Users/btsts/Desktop/GitHUB/Theoretical/Computer Organization/Project2/multiplexers/mux_2x1_b_xor_is_subtract_4_bit.v Line: 1
Info (12021): Found 1 design units, including 1 entities, in source file carry_lookahead/cla_4_bit_msb.v
    Info (12023): Found entity 1: cla_4_bit_msb File: C:/Users/btsts/Desktop/GitHUB/Theoretical/Computer Organization/Project2/carry_lookahead/cla_4_bit_msb.v Line: 1
Info (12021): Found 1 design units, including 1 entities, in source file carry_lookahead/cla_16_bit_msb.v
    Info (12023): Found entity 1: cla_16_bit_msb File: C:/Users/btsts/Desktop/GitHUB/Theoretical/Computer Organization/Project2/carry_lookahead/cla_16_bit_msb.v Line: 1
Info (12021): Found 1 design units, including 1 entities, in source file testbenches/testbench_cla_msb.v
    Info (12023): Found entity 1: testbench_cla_msb File: C:/Users/btsts/Desktop/GitHUB/Theoretical/Computer Organization/Project2/testbenches/testbench_cla_msb.v Line: 1
Info (12021): Found 1 design units, including 1 entities, in source file arithmetic_logic_units/alu_32_bit.v
    Info (12023): Found entity 1: alu_32_bit File: C:/Users/btsts/Desktop/GitHUB/Theoretical/Computer Organization/Project2/arithmetic_logic_units/alu_32_bit.v Line: 1
Info (12021): Found 1 design units, including 1 entities, in source file testbenches/testbench_alu_32.v
    Info (12023): Found entity 1: testbench_alu_32 File: C:/Users/btsts/Desktop/GitHUB/Theoretical/Computer Organization/Project2/testbenches/testbench_alu_32.v Line: 2
Info (12021): Found 1 design units, including 1 entities, in source file mod/mod_cu.v
    Info (12023): Found entity 1: mod_cu File: C:/Users/btsts/Desktop/GitHUB/Theoretical/Computer Organization/Project2/mod/mod_cu.v Line: 1
Info (12021): Found 1 design units, including 1 entities, in source file mod/mod_dp.v
    Info (12023): Found entity 1: mod_dp File: C:/Users/btsts/Desktop/GitHUB/Theoretical/Computer Organization/Project2/mod/mod_dp.v Line: 1
Info (12021): Found 1 design units, including 1 entities, in source file mod/mod.v
    Info (12023): Found entity 1: mod File: C:/Users/btsts/Desktop/GitHUB/Theoretical/Computer Organization/Project2/mod/mod.v Line: 1
Info (12021): Found 1 design units, including 1 entities, in source file testbenches/testbench_mod.v
    Info (12023): Found entity 1: testbench_mod File: C:/Users/btsts/Desktop/GitHUB/Theoretical/Computer Organization/Project2/testbenches/testbench_mod.v Line: 2
Info (12021): Found 1 design units, including 1 entities, in source file multiplexers/mux_3x1_results.v
    Info (12023): Found entity 1: mux_3x1_results File: C:/Users/btsts/Desktop/GitHUB/Theoretical/Computer Organization/Project2/multiplexers/mux_3x1_results.v Line: 1
Warning (10236): Verilog HDL Implicit Net warning at mux_3x1_results.v(14): created implicit net for "is_mod" File: C:/Users/btsts/Desktop/GitHUB/Theoretical/Computer Organization/Project2/multiplexers/mux_3x1_results.v Line: 14
Info (12127): Elaborating entity "alu_32_bit" for the top level hierarchy
Info (12128): Elaborating entity "mux_2x1_is_subtract" for hierarchy "mux_2x1_is_subtract:mux0" File: C:/Users/btsts/Desktop/GitHUB/Theoretical/Computer Organization/Project2/arithmetic_logic_units/alu_32_bit.v Line: 14
Info (12128): Elaborating entity "cla_16_bit" for hierarchy "cla_16_bit:cla0" File: C:/Users/btsts/Desktop/GitHUB/Theoretical/Computer Organization/Project2/arithmetic_logic_units/alu_32_bit.v Line: 23
Info (12128): Elaborating entity "cla_4_bit" for hierarchy "cla_16_bit:cla0|cla_4_bit:cla0" File: C:/Users/btsts/Desktop/GitHUB/Theoretical/Computer Organization/Project2/carry_lookahead/cla_16_bit.v Line: 22
Info (12128): Elaborating entity "mux_2x1_b_xor_is_subtract_4_bit" for hierarchy "cla_16_bit:cla0|cla_4_bit:cla0|mux_2x1_b_xor_is_subtract_4_bit:construct_b" File: C:/Users/btsts/Desktop/GitHUB/Theoretical/Computer Organization/Project2/carry_lookahead/cla_4_bit.v Line: 15
Info (12128): Elaborating entity "custom_xor" for hierarchy "cla_16_bit:cla0|cla_4_bit:cla0|mux_2x1_b_xor_is_subtract_4_bit:construct_b|custom_xor:xor0" File: C:/Users/btsts/Desktop/GitHUB/Theoretical/Computer Organization/Project2/multiplexers/mux_2x1_b_xor_is_subtract_4_bit.v Line: 17
Info (12128): Elaborating entity "cll_4_input" for hierarchy "cla_16_bit:cla0|cla_4_bit:cla0|cll_4_input:cll0" File: C:/Users/btsts/Desktop/GitHUB/Theoretical/Computer Organization/Project2/carry_lookahead/cla_4_bit.v Line: 36
Info (12128): Elaborating entity "alu_1_bit" for hierarchy "cla_16_bit:cla0|cla_4_bit:cla0|alu_1_bit:alu0" File: C:/Users/btsts/Desktop/GitHUB/Theoretical/Computer Organization/Project2/carry_lookahead/cla_4_bit.v Line: 46
Info (12128): Elaborating entity "custom_or" for hierarchy "cla_16_bit:cla0|cla_4_bit:cla0|alu_1_bit:alu0|custom_or:c_or0" File: C:/Users/btsts/Desktop/GitHUB/Theoretical/Computer Organization/Project2/arithmetic_logic_units/alu_1_bit.v Line: 16
Info (12128): Elaborating entity "mux_5x1_alu_1_bit" for hierarchy "cla_16_bit:cla0|cla_4_bit:cla0|alu_1_bit:alu0|mux_5x1_alu_1_bit:mux_5x1_alu_1_bit0" File: C:/Users/btsts/Desktop/GitHUB/Theoretical/Computer Organization/Project2/arithmetic_logic_units/alu_1_bit.v Line: 39
Info (12128): Elaborating entity "cla_16_bit_msb" for hierarchy "cla_16_bit_msb:cla1" File: C:/Users/btsts/Desktop/GitHUB/Theoretical/Computer Organization/Project2/arithmetic_logic_units/alu_32_bit.v Line: 33
Info (12128): Elaborating entity "cla_4_bit_msb" for hierarchy "cla_16_bit_msb:cla1|cla_4_bit_msb:cla3" File: C:/Users/btsts/Desktop/GitHUB/Theoretical/Computer Organization/Project2/carry_lookahead/cla_16_bit_msb.v Line: 53
Info (12128): Elaborating entity "mod" for hierarchy "mod:mod0" File: C:/Users/btsts/Desktop/GitHUB/Theoretical/Computer Organization/Project2/arithmetic_logic_units/alu_32_bit.v Line: 41
Info (12128): Elaborating entity "mod_cu" for hierarchy "mod:mod0|mod_cu:control_unit" File: C:/Users/btsts/Desktop/GitHUB/Theoretical/Computer Organization/Project2/mod/mod.v Line: 19
Warning (10240): Verilog HDL Always Construct warning at mod_cu.v(29): inferring latch(es) for variable "next_state", which holds its previous value in one or more paths through the always construct File: C:/Users/btsts/Desktop/GitHUB/Theoretical/Computer Organization/Project2/mod/mod_cu.v Line: 29
Info (10041): Inferred latch for "next_state.END" at mod_cu.v(29) File: C:/Users/btsts/Desktop/GitHUB/Theoretical/Computer Organization/Project2/mod/mod_cu.v Line: 29
Info (10041): Inferred latch for "next_state.RES" at mod_cu.v(29) File: C:/Users/btsts/Desktop/GitHUB/Theoretical/Computer Organization/Project2/mod/mod_cu.v Line: 29
Info (10041): Inferred latch for "next_state.SUB" at mod_cu.v(29) File: C:/Users/btsts/Desktop/GitHUB/Theoretical/Computer Organization/Project2/mod/mod_cu.v Line: 29
Info (12128): Elaborating entity "mod_dp" for hierarchy "mod:mod0|mod_dp:data_path" File: C:/Users/btsts/Desktop/GitHUB/Theoretical/Computer Organization/Project2/mod/mod.v Line: 30
Info (12128): Elaborating entity "mux_3x1_results" for hierarchy "mux_3x1_results:mux1" File: C:/Users/btsts/Desktop/GitHUB/Theoretical/Computer Organization/Project2/arithmetic_logic_units/alu_32_bit.v Line: 49
Info (286030): Timing-Driven Synthesis is running
Info (17049): 2 registers lost all their fanouts during netlist optimizations.
Info (16010): Generating hard_block partition "hard_block:auto_generated_inst"
    Info (16011): Adding 0 node(s), including 0 DDIO, 0 PLL, 0 transceiver and 0 LCELL
Info (21057): Implemented 387 device resources after synthesis - the final resource count might be different
    Info (21058): Implemented 69 input pins
    Info (21059): Implemented 32 output pins
    Info (21061): Implemented 286 logic cells
Info: Quartus Prime Analysis & Synthesis was successful. 0 errors, 3 warnings
    Info: Peak virtual memory: 4904 megabytes
    Info: Processing ended: Sun Dec 10 23:52:24 2023
    Info: Elapsed time: 00:00:08
    Info: Total CPU time (on all processors): 00:00:10


